$ vite build
vite v8.1.5 building client environment for production...
[2Ktransforming...
[@tanstack/devtools-vite] Removed devtools code from: /src/routes/__root.tsx

[plugin tanstack-start-core::server-fn:client] /home/david/dev/personal/punktlandung/apps/web/src/features/halbjahre/server/halbjahr-fns.ts:20:33 createServerFn().inputValidator() is deprecated. Use createServerFn().validator() instead.
[plugin tanstack-start-core::server-fn:client] /home/david/dev/personal/punktlandung/apps/web/src/features/halbjahre/server/halbjahr-fns.ts:24:33 createServerFn().inputValidator() is deprecated. Use createServerFn().validator() instead.
[plugin tanstack-start-core::server-fn:client] /home/david/dev/personal/punktlandung/apps/web/src/features/faecher/server/fach-fns.ts:22:29 createServerFn().inputValidator() is deprecated. Use createServerFn().validator() instead.
[plugin tanstack-start-core::server-fn:client] /home/david/dev/personal/punktlandung/apps/web/src/features/faecher/server/fach-fns.ts:26:29 createServerFn().inputValidator() is deprecated. Use createServerFn().validator() instead.
[plugin tanstack-start-core::server-fn:client] /home/david/dev/personal/punktlandung/apps/web/src/features/faecher/server/fach-fns.ts:30:30 createServerFn().inputValidator() is deprecated. Use createServerFn().validator() instead.
[plugin tanstack-start-core::server-fn:client] /home/david/dev/personal/punktlandung/apps/web/src/features/noten/server/noten-fns.ts:20:28 createServerFn().inputValidator() is deprecated. Use createServerFn().validator() instead.
[plugin tanstack-start-core::server-fn:client] /home/david/dev/personal/punktlandung/apps/web/src/features/noten/server/noten-fns.ts:24:29 createServerFn().inputValidator() is deprecated. Use createServerFn().validator() instead.
[plugin tanstack-start-core::server-fn:client] /home/david/dev/personal/punktlandung/apps/web/src/features/noten/server/noten-fns.ts:28:29 createServerFn().inputValidator() is deprecated. Use createServerFn().validator() instead.
[plugin tanstack-start-core::server-fn:client] /home/david/dev/personal/punktlandung/apps/web/src/features/noten/server/noten-fns.ts:32:29 createServerFn().inputValidator() is deprecated. Use createServerFn().validator() instead.
[plugin tanstack-start-core::server-fn:client] /home/david/dev/personal/punktlandung/apps/web/src/features/lernen/server/lernen-fns.ts:16:29 createServerFn().inputValidator() is deprecated. Use createServerFn().validator() instead.
[plugin tanstack-start-core::server-fn:client] /home/david/dev/personal/punktlandung/apps/web/src/features/zeugnis/server/zeugnis-fns.ts:12:26 createServerFn().inputValidator() is deprecated. Use createServerFn().validator() instead.
✓ 1450 modules transformed.
rendering chunks...
computing gzip size...
dist/client/assets/spectral-cyrillic-ext-400-normal--n_iQ4wr.woff          4.34 kB
dist/client/assets/spectral-cyrillic-ext-500-normal-B5u3KHyE.woff          4.56 kB
dist/client/assets/spectral-cyrillic-ext-600-normal-BVATWin6.woff          4.59 kB
dist/client/assets/spectral-cyrillic-ext-700-normal-kYc0MMRW.woff          4.59 kB
dist/client/assets/spectral-vietnamese-400-normal-CWkMWCzb.woff            5.70 kB
dist/client/assets/spectral-vietnamese-500-normal-BfZg6KYt.woff            5.74 kB
dist/client/assets/spectral-vietnamese-600-normal-esmjhrFa.woff            5.74 kB
dist/client/assets/spectral-vietnamese-700-normal-BDOV0CSH.woff            5.79 kB
dist/client/assets/spectral-cyrillic-ext-400-normal-B4-YHs9i.woff2         6.52 kB
dist/client/assets/spectral-cyrillic-ext-500-normal-bcG1qx3J.woff2         6.72 kB
dist/client/assets/spectral-cyrillic-ext-600-normal-CvRHnPuy.woff2         6.79 kB
dist/client/assets/spectral-cyrillic-ext-700-normal-Lb1Clouz.woff2         6.81 kB
dist/client/assets/spectral-vietnamese-400-normal-C7CRHYqk.woff2           7.67 kB
dist/client/assets/spectral-vietnamese-500-normal-qnENts6X.woff2           7.72 kB
dist/client/assets/spectral-vietnamese-600-normal-ZNiwCzjU.woff2           7.87 kB
dist/client/assets/spectral-vietnamese-700-normal-c8nu78US.woff2           7.89 kB
dist/client/assets/hanken-grotesk-vietnamese-wght-normal-CHiFlh_0.woff2    9.32 kB
dist/client/assets/spectral-cyrillic-400-normal-X3p2PSzL.woff             11.69 kB
dist/client/assets/spectral-cyrillic-500-normal-CNC_J6mt.woff             13.12 kB
dist/client/assets/spectral-cyrillic-600-normal-veT-ELBO.woff             13.20 kB
dist/client/assets/spectral-cyrillic-700-normal-BA12_5wD.woff             13.26 kB
dist/client/assets/spectral-cyrillic-400-normal-Bx9Tn3WZ.woff2            15.37 kB
dist/client/assets/spectral-latin-ext-400-normal-BHbqXr-7.woff            16.59 kB
dist/client/assets/spectral-cyrillic-500-normal-medSbGbm.woff2            16.61 kB
dist/client/assets/spectral-cyrillic-700-normal-CTtWp6WV.woff2            16.77 kB
dist/client/assets/spectral-cyrillic-600-normal-Dl75bDKp.woff2            16.90 kB
dist/client/assets/spectral-latin-ext-500-normal-Bmnp8FUT.woff            17.07 kB
dist/client/assets/spectral-latin-ext-600-normal-DnKmvInL.woff            17.10 kB
dist/client/assets/spectral-latin-ext-700-normal-C0LrIr7q.woff            17.14 kB
dist/client/assets/spectral-latin-400-normal-D34IWA1h.woff                17.33 kB
dist/client/assets/spectral-latin-500-normal-PrYyf_gG.woff                18.45 kB
dist/client/assets/spectral-latin-600-normal-DXnQJnYb.woff                18.51 kB
dist/client/assets/spectral-latin-700-normal-Cxe-XGuy.woff                18.60 kB
dist/client/assets/hanken-grotesk-latin-ext-wght-normal-Dg-wlmqe.woff2    19.58 kB
dist/client/assets/spectral-latin-ext-400-normal-XDLFwhqg.woff2           20.24 kB
dist/client/assets/spectral-latin-ext-500-normal-CC9VEg_t.woff2           20.64 kB
dist/client/assets/spectral-latin-ext-600-normal-DKlDBbgb.woff2           20.82 kB
dist/client/assets/spectral-latin-ext-700-normal-D5Qg6-LF.woff2           20.82 kB
dist/client/assets/spectral-latin-400-normal-CTVgUekv.woff2               21.69 kB
dist/client/assets/spectral-latin-500-normal-nNjq7_Cd.woff2               22.83 kB
dist/client/assets/spectral-latin-600-normal-DE3OxvnQ.woff2               22.93 kB
dist/client/assets/spectral-latin-700-normal-Cd2m0ohD.woff2               23.03 kB
dist/client/assets/hanken-grotesk-latin-wght-normal-CaVRRdDk.woff2        34.70 kB
dist/client/assets/styles-qLfoyanA.css                                    27.14 kB │ gzip:   7.20 kB
dist/client/assets/halbjahr-auswahl-CqORI1DV.js                            0.45 kB │ gzip:   0.32 kB
dist/client/assets/halbjahr-fns-jo9tNfDR.js                                0.46 kB │ gzip:   0.33 kB
dist/client/assets/fach-fns-Dovg0kft.js                                    0.57 kB │ gzip:   0.38 kB
dist/client/assets/anmelden-Ddu9Tp7P.js                                    0.97 kB │ gzip:   0.57 kB
dist/client/assets/form-klassen-BlJ49qF6.js                                1.19 kB │ gzip:   0.37 kB
dist/client/assets/notenwert-QBu3qbOL.js                                   1.20 kB │ gzip:   0.73 kB
dist/client/assets/_app-C-f-FMPB.js                                        1.96 kB │ gzip:   0.85 kB
dist/client/assets/einstellungen-CtL0NyKp.js                               4.98 kB │ gzip:   1.81 kB
dist/client/assets/zeugnis-BPhhotKV.js                                     5.04 kB │ gzip:   1.56 kB
dist/client/assets/faecher-DMX7Gau7.js                                     5.84 kB │ gzip:   2.12 kB
dist/client/assets/noten-SmkAQe_z.js                                       7.99 kB │ gzip:   2.84 kB
dist/client/assets/jsx-runtime-KJkY8l8U.js                                 8.53 kB │ gzip:   3.26 kB
dist/client/assets/queryOptions-BBQAlUvV.js                                8.82 kB │ gzip:   3.22 kB
dist/client/assets/auth-client-CVR26-hP.js                                28.23 kB │ gzip:  10.64 kB
dist/client/assets/Schema-CaoLlNes.js                                    188.74 kB │ gzip:  58.50 kB
dist/client/assets/_app-RxMT5BvD.js                                      318.26 kB │ gzip:  94.45 kB
dist/client/assets/index-B1KPjnHE.js                                     341.80 kB │ gzip: 107.67 kB

✓ built in 342ms
vite v8.1.5 building ssr environment for production...
[2Ktransforming...
[@tanstack/devtools-vite] Removed devtools code from: /src/routes/__root.tsx

[plugin tanstack-start-core::server-fn:ssr] /home/david/dev/personal/punktlandung/apps/web/src/features/halbjahre/server/halbjahr-fns.ts?tss-serverfn-split:20:33 createServerFn().inputValidator() is deprecated. Use createServerFn().validator() instead.
[plugin tanstack-start-core::server-fn:ssr] /home/david/dev/personal/punktlandung/apps/web/src/features/halbjahre/server/halbjahr-fns.ts?tss-serverfn-split:24:33 createServerFn().inputValidator() is deprecated. Use createServerFn().validator() instead.
[plugin tanstack-start-core::server-fn:ssr] /home/david/dev/personal/punktlandung/apps/web/src/features/zeugnis/server/zeugnis-fns.ts?tss-serverfn-split:12:26 createServerFn().inputValidator() is deprecated. Use createServerFn().validator() instead.
[plugin tanstack-start-core::server-fn:ssr] /home/david/dev/personal/punktlandung/apps/web/src/features/lernen/server/lernen-fns.ts?tss-serverfn-split:16:29 createServerFn().inputValidator() is deprecated. Use createServerFn().validator() instead.
[plugin tanstack-start-core::server-fn:ssr] /home/david/dev/personal/punktlandung/apps/web/src/features/faecher/server/fach-fns.ts?tss-serverfn-split:22:29 createServerFn().inputValidator() is deprecated. Use createServerFn().validator() instead.
[plugin tanstack-start-core::server-fn:ssr] /home/david/dev/personal/punktlandung/apps/web/src/features/faecher/server/fach-fns.ts?tss-serverfn-split:26:29 createServerFn().inputValidator() is deprecated. Use createServerFn().validator() instead.
[plugin tanstack-start-core::server-fn:ssr] /home/david/dev/personal/punktlandung/apps/web/src/features/faecher/server/fach-fns.ts?tss-serverfn-split:30:30 createServerFn().inputValidator() is deprecated. Use createServerFn().validator() instead.
[plugin tanstack-start-core::server-fn:ssr] /home/david/dev/personal/punktlandung/apps/web/src/features/noten/server/noten-fns.ts?tss-serverfn-split:20:28 createServerFn().inputValidator() is deprecated. Use createServerFn().validator() instead.
[plugin tanstack-start-core::server-fn:ssr] /home/david/dev/personal/punktlandung/apps/web/src/features/noten/server/noten-fns.ts?tss-serverfn-split:24:29 createServerFn().inputValidator() is deprecated. Use createServerFn().validator() instead.
[plugin tanstack-start-core::server-fn:ssr] /home/david/dev/personal/punktlandung/apps/web/src/features/noten/server/noten-fns.ts?tss-serverfn-split:28:29 createServerFn().inputValidator() is deprecated. Use createServerFn().validator() instead.
[plugin tanstack-start-core::server-fn:ssr] /home/david/dev/personal/punktlandung/apps/web/src/features/noten/server/noten-fns.ts?tss-serverfn-split:32:29 createServerFn().inputValidator() is deprecated. Use createServerFn().validator() instead.
[plugin tanstack-start-core::server-fn:ssr] /home/david/dev/personal/punktlandung/apps/web/src/features/halbjahre/server/halbjahr-fns.ts:20:33 createServerFn().inputValidator() is deprecated. Use createServerFn().validator() instead.
[plugin tanstack-start-core::server-fn:ssr] /home/david/dev/personal/punktlandung/apps/web/src/features/halbjahre/server/halbjahr-fns.ts:24:33 createServerFn().inputValidator() is deprecated. Use createServerFn().validator() instead.
[plugin tanstack-start-core::server-fn:ssr] /home/david/dev/personal/punktlandung/apps/web/src/features/noten/server/noten-fns.ts:20:28 createServerFn().inputValidator() is deprecated. Use createServerFn().validator() instead.
[plugin tanstack-start-core::server-fn:ssr] /home/david/dev/personal/punktlandung/apps/web/src/features/noten/server/noten-fns.ts:24:29 createServerFn().inputValidator() is deprecated. Use createServerFn().validator() instead.
[plugin tanstack-start-core::server-fn:ssr] /home/david/dev/personal/punktlandung/apps/web/src/features/noten/server/noten-fns.ts:28:29 createServerFn().inputValidator() is deprecated. Use createServerFn().validator() instead.
[plugin tanstack-start-core::server-fn:ssr] /home/david/dev/personal/punktlandung/apps/web/src/features/noten/server/noten-fns.ts:32:29 createServerFn().inputValidator() is deprecated. Use createServerFn().validator() instead.
[plugin tanstack-start-core::server-fn:ssr] /home/david/dev/personal/punktlandung/apps/web/src/features/faecher/server/fach-fns.ts:22:29 createServerFn().inputValidator() is deprecated. Use createServerFn().validator() instead.
[plugin tanstack-start-core::server-fn:ssr] /home/david/dev/personal/punktlandung/apps/web/src/features/faecher/server/fach-fns.ts:26:29 createServerFn().inputValidator() is deprecated. Use createServerFn().validator() instead.
[plugin tanstack-start-core::server-fn:ssr] /home/david/dev/personal/punktlandung/apps/web/src/features/faecher/server/fach-fns.ts:30:30 createServerFn().inputValidator() is deprecated. Use createServerFn().validator() instead.
[plugin tanstack-start-core::server-fn:ssr] /home/david/dev/personal/punktlandung/apps/web/src/features/lernen/server/lernen-fns.ts:16:29 createServerFn().inputValidator() is deprecated. Use createServerFn().validator() instead.
[plugin tanstack-start-core::server-fn:ssr] /home/david/dev/personal/punktlandung/apps/web/src/features/zeugnis/server/zeugnis-fns.ts:12:26 createServerFn().inputValidator() is deprecated. Use createServerFn().validator() instead.
✓ 722 modules transformed.
rendering chunks...
computing gzip size...
dist/server/assets/kysely-adapter-XxJIeUph.js                      0.13 kB │ gzip:   0.10 kB
dist/server/assets/start-BHPoPAvT.js                               0.21 kB │ gzip:   0.17 kB
dist/server/assets/core-RrmWoKne.js                                0.25 kB │ gzip:   0.18 kB
dist/server/assets/empty-plugin-adapters-BuQpD_9R.js               0.28 kB │ gzip:   0.18 kB
dist/server/assets/createServerRpc-BCCJrYYE.js                     0.44 kB │ gzip:   0.28 kB
dist/server/assets/fach-gewichtung-CTToYOaP.js                     0.48 kB │ gzip:   0.28 kB
dist/server/assets/lerntag-schema-BR8OqiNu.js                      0.55 kB │ gzip:   0.32 kB
dist/server/assets/createSsrRpc-DSc9xU78.js                        0.58 kB │ gzip:   0.35 kB
dist/server/assets/string-BIiicv7d.js                              0.61 kB │ gzip:   0.38 kB
dist/server/assets/runtime-DodJHNUy.js                             0.70 kB │ gzip:   0.40 kB
dist/server/assets/session-fn-mATyi9YM.js                          0.82 kB │ gzip:   0.42 kB
dist/server/assets/kysely-migration-tables-B2-rTeXm-Ctb0VhaL.js    1.05 kB │ gzip:   0.58 kB
dist/server/assets/halbjahr-schema-M5AowmJp.js                     1.11 kB │ gzip:   0.52 kB
dist/server/assets/halbjahr-fns-EWOFj1Ld.js                        1.12 kB │ gzip:   0.54 kB
dist/server/assets/halbjahr-auswahl-Cwpst7fi.js                    1.18 kB │ gzip:   0.61 kB
dist/server/assets/fach-schema-DSNUE58P.js                         1.19 kB │ gzip:   0.57 kB
dist/server/assets/note-schema-BWlZRGwh.js                         1.31 kB │ gzip:   0.60 kB
dist/server/assets/fach-fns-DlXowLca.js                            1.31 kB │ gzip:   0.60 kB
dist/server/assets/anmelden-Q1m9F4eZ.js                            1.34 kB │ gzip:   0.69 kB
dist/server/assets/form-klassen-DQs_HG-w.js                        1.58 kB │ gzip:   0.55 kB
dist/server/assets/noten-fns-B_Re-Avk.js                           1.64 kB │ gzip:   0.71 kB
dist/server/assets/notenwert-BRUkFTyI.js                           1.65 kB │ gzip:   0.72 kB
dist/server/assets/zeugnisnote-DPg4G_mF.js                         1.80 kB │ gzip:   0.78 kB
dist/server/assets/sqlite-adapter-eDuW7MGx.js                      2.23 kB │ gzip:   0.84 kB
dist/server/assets/_app-B3IEQ_eK.js                                2.70 kB │ gzip:   1.05 kB
dist/server/assets/halbjahr-fns-B_QR-ON3.js                        2.71 kB │ gzip:   0.94 kB
dist/server/assets/_tanstack-start-manifest_v-CRvA94TY.js          2.78 kB │ gzip:   0.70 kB
dist/server/assets/d1-sqlite-dialect-CDCl_qH4-B14IjGYR.js          4.01 kB │ gzip:   1.50 kB
dist/server/assets/fach-fns-D5Kqf1lE.js                            4.20 kB │ gzip:   1.32 kB
dist/server/assets/lernen-fns-DNQXB9_v.js                          4.38 kB │ gzip:   1.64 kB
dist/server/assets/zeugnis-fns-BhNVxH3G.js                         4.45 kB │ gzip:   1.73 kB
dist/server/assets/bun-sqlite-dialect-DTyyejk1-Btf-IldY.js         4.68 kB │ gzip:   1.67 kB
dist/server/assets/node-sqlite-dialect-CkclVKnc.js                 4.69 kB │ gzip:   1.66 kB
dist/server/assets/schema-BBYMwJqp.js                              5.81 kB │ gzip:   1.89 kB
dist/server/assets/router-fSGDW5k6.js                              6.17 kB │ gzip:   1.97 kB
dist/server/assets/error-C3JqpY27.js                               6.94 kB │ gzip:   2.60 kB
dist/server/assets/zeugnis-DH6uK8ZE.js                             7.82 kB │ gzip:   2.11 kB
dist/server/assets/einstellungen-bYHiisbf.js                       7.86 kB │ gzip:   2.15 kB
dist/server/assets/noten-fns-DxtfrjA3.js                           8.30 kB │ gzip:   2.60 kB
dist/server/assets/faecher-DSUwLgbR.js                             8.79 kB │ gzip:   2.60 kB
dist/server/assets/_app-VyON3cR6.js                                9.54 kB │ gzip:   3.16 kB
dist/server/assets/noten-BErK3pCG.js                              12.90 kB │ gzip:   3.54 kB
dist/server/assets/dist-DHve7RQh.js                               14.63 kB │ gzip:   4.12 kB
dist/server/assets/server-B3mzdNOj.js                             29.35 kB │ gzip:   8.05 kB
dist/server/assets/auth-client-A7PIt2Y8.js                        30.26 kB │ gzip:   8.36 kB
dist/server/assets/dist-OS7huZF_.js                               37.64 kB │ gzip:  10.56 kB
dist/server/assets/default-query-compiler-DfxZygtt.js             45.39 kB │ gzip:   7.94 kB
dist/server/assets/factory-3GHbVh1q.js                            71.73 kB │ gzip:  15.51 kB
dist/server/server.js                                            162.85 kB │ gzip:  41.11 kB
dist/server/assets/dist-CiS892WY.js                              207.95 kB │ gzip:  35.20 kB
dist/server/assets/compiled-query-BA-vSHhy.js                    240.20 kB │ gzip:  39.34 kB
dist/server/assets/auth-BUIt-S2z.js                              684.61 kB │ gzip: 152.80 kB

✓ built in 211ms
